[INFO] Scanning for projects...
[INFO] 
[INFO] -------------------------< group-8:DD2480-CI >--------------------------
[INFO] Building DD2480-CI 1.0-SNAPSHOT
[INFO] --------------------------------[ jar ]---------------------------------
[INFO] 
[INFO] --- maven-resources-plugin:2.6:resources (default-resources) @ DD2480-CI ---
[WARNING] Using platform encoding (UTF-8 actually) to copy filtered resources, i.e. build is platform dependent!
[INFO] skip non existing resourceDirectory /Users/emilmyresten/Dropbox/KTH/KTH Medieteknik/År 4/Period 3/DD2480 Fundamentals of Software Engineering/DD2480-CI/builds/main/DD2480-CI-mon-feb-14-16-45-25-cet-2022/src/main/resources
[INFO] 
[INFO] --- maven-compiler-plugin:3.1:compile (default-compile) @ DD2480-CI ---
[INFO] Changes detected - recompiling the module!
[WARNING] File encoding has not been set, using platform encoding UTF-8, i.e. build is platform dependent!
[INFO] Compiling 10 source files to /Users/emilmyresten/Dropbox/KTH/KTH Medieteknik/År 4/Period 3/DD2480 Fundamentals of Software Engineering/DD2480-CI/builds/main/DD2480-CI-mon-feb-14-16-45-25-cet-2022/target/classes
[INFO] 
[INFO] --- maven-resources-plugin:2.6:testResources (default-testResources) @ DD2480-CI ---
[WARNING] Using platform encoding (UTF-8 actually) to copy filtered resources, i.e. build is platform dependent!
[INFO] skip non existing resourceDirectory /Users/emilmyresten/Dropbox/KTH/KTH Medieteknik/År 4/Period 3/DD2480 Fundamentals of Software Engineering/DD2480-CI/builds/main/DD2480-CI-mon-feb-14-16-45-25-cet-2022/src/test/resources
[INFO] 
[INFO] --- maven-compiler-plugin:3.1:testCompile (default-testCompile) @ DD2480-CI ---
[INFO] Changes detected - recompiling the module!
[WARNING] File encoding has not been set, using platform encoding UTF-8, i.e. build is platform dependent!
[INFO] Compiling 4 source files to /Users/emilmyresten/Dropbox/KTH/KTH Medieteknik/År 4/Period 3/DD2480 Fundamentals of Software Engineering/DD2480-CI/builds/main/DD2480-CI-mon-feb-14-16-45-25-cet-2022/target/test-classes
[INFO] 
[INFO] --- maven-surefire-plugin:2.12.4:test (default-test) @ DD2480-CI ---
[INFO] Surefire report directory: /Users/emilmyresten/Dropbox/KTH/KTH Medieteknik/År 4/Period 3/DD2480 Fundamentals of Software Engineering/DD2480-CI/builds/main/DD2480-CI-mon-feb-14-16-45-25-cet-2022/target/surefire-reports

-------------------------------------------------------
 T E S T S
-------------------------------------------------------
Running group8.LogIOTest
Tests run: 2, Failures: 0, Errors: 0, Skipped: 2, Time elapsed: 0.063 sec
Running group8.UtilitiesTest
Tests run: 6, Failures: 0, Errors: 0, Skipped: 0, Time elapsed: 0.091 sec
Running group8.CurrentDateTest
Tests run: 2, Failures: 0, Errors: 0, Skipped: 0, Time elapsed: 0.001 sec
Running group8.git.GitCommitStatusTest
Tests run: 2, Failures: 0, Errors: 0, Skipped: 1, Time elapsed: 0.021 sec

Results :

Tests run: 12, Failures: 0, Errors: 0, Skipped: 3

[INFO] 
[INFO] --- maven-jar-plugin:2.4:jar (default-jar) @ DD2480-CI ---
[INFO] Building jar: /Users/emilmyresten/Dropbox/KTH/KTH Medieteknik/År 4/Period 3/DD2480 Fundamentals of Software Engineering/DD2480-CI/builds/main/DD2480-CI-mon-feb-14-16-45-25-cet-2022/target/DD2480-CI-1.0-SNAPSHOT.jar
[INFO] 
[INFO] --- maven-assembly-plugin:3.3.0:single (make-assembly) @ DD2480-CI ---
[INFO] Building jar: /Users/emilmyresten/Dropbox/KTH/KTH Medieteknik/År 4/Period 3/DD2480 Fundamentals of Software Engineering/DD2480-CI/builds/main/DD2480-CI-mon-feb-14-16-45-25-cet-2022/target/DD2480-CI-1.0-SNAPSHOT-jar-with-dependencies.jar
[INFO] ------------------------------------------------------------------------
[INFO] BUILD SUCCESS
[INFO] ------------------------------------------------------------------------
[INFO] Total time:  7.524 s
[INFO] Finished at: 2022-02-14T16:45:39+01:00
[INFO] ------------------------------------------------------------------------
